=~=~=~=~=~=~=~=~=~=~=~= PuTTY log 2024.10.28 09:56:53 =~=~=~=~=~=~=~=~=~=~=~=
509
537
545
554
586
606
557
592
619
635
606
630
640
652
653
661
649
670
673
659
667
687
671
685
638
687
704
664
697
679
652
694
711
678
694
697
671
662
696
718
689
685
703
694
669
677
714
721
689
683
704
698
675
666
707
724
704
674
695
705
693
646
680
715
724
697
658
701
703
691
653
685
719
714
695
662
702
702
687
655
686
721
715
692
652
702
705
688
653
686
717
723
695
663
703
703
691
653
685
718
721
696
666
701
705
690
652
682
719
725
696
669
700
706
692
653
681
715
724
700
670
699
704
696
648
677
702
719
704
674
696
707
696
649
673
711
725
705
677
693
707
700
673
670
705
725
712
680
691
705
703
677
665
702
721
717
685
686
707
702
682
661
696
723
718
690
683
704
705
685
657
688
721
724
692
669
702
706
690
648
683
716
724
699
667
700
704
696
648
677
708
719
705
674
695
707
697
689
672
711
724
707
678
693
707
701
674
668
704
724
714
681
690
705
703
678
663
699
721
719
688
684
706
703
686
658
691
724
720
694
665
702
706
691
651
680
717
725
701
674
696
707
700
673
671
706
725
714
682
689
705
704
681
660
694
720
723
693
661
703
705
694
651
680
713
717
706
676
694
708
700
677
667
703
724
711
688
684
705
706
687
656
686
720
725
696
671
698
707
699
672
672
707
725
714
682
689
705
705
683
659
